<?xml version="1.0" encoding="UTF-8"?>
<testsuite name="com.example.rqchallenge.EmployeeHelperTest" tests="1" skipped="0" failures="0" errors="0" timestamp="2024-07-21T18:13:49" hostname="DESKTOP-PTD0HT2" time="0.143">
  <properties/>
  <testcase name="deleteEmployeeDetailsByIdTest()" classname="com.example.rqchallenge.EmployeeHelperTest" time="0.143"/>
  <system-out><![CDATA[23:43:41.429 [Test worker] DEBUG org.springframework.test.context.BootstrapUtils - Instantiating CacheAwareContextLoaderDelegate from class [org.springframework.test.context.cache.DefaultCacheAwareContextLoaderDelegate]
23:43:41.441 [Test worker] DEBUG org.springframework.test.context.BootstrapUtils - Instantiating BootstrapContext using constructor [public org.springframework.test.context.support.DefaultBootstrapContext(java.lang.Class,org.springframework.test.context.CacheAwareContextLoaderDelegate)]
23:43:41.490 [Test worker] DEBUG org.springframework.test.context.BootstrapUtils - Instantiating TestContextBootstrapper for test class [com.example.rqchallenge.EmployeeHelperTest] from class [org.springframework.boot.test.context.SpringBootTestContextBootstrapper]
23:43:41.501 [Test worker] INFO org.springframework.boot.test.context.SpringBootTestContextBootstrapper - Neither @ContextConfiguration nor @ContextHierarchy found for test class [com.example.rqchallenge.EmployeeHelperTest], using SpringBootContextLoader
23:43:41.507 [Test worker] DEBUG org.springframework.test.context.support.AbstractContextLoader - Did not detect default resource location for test class [com.example.rqchallenge.EmployeeHelperTest]: class path resource [com/example/rqchallenge/EmployeeHelperTest-context.xml] does not exist
23:43:41.507 [Test worker] DEBUG org.springframework.test.context.support.AbstractContextLoader - Did not detect default resource location for test class [com.example.rqchallenge.EmployeeHelperTest]: class path resource [com/example/rqchallenge/EmployeeHelperTestContext.groovy] does not exist
23:43:41.508 [Test worker] INFO org.springframework.test.context.support.AbstractContextLoader - Could not detect default resource locations for test class [com.example.rqchallenge.EmployeeHelperTest]: no resource found for suffixes {-context.xml, Context.groovy}.
23:43:41.509 [Test worker] INFO org.springframework.test.context.support.AnnotationConfigContextLoaderUtils - Could not detect default configuration classes for test class [com.example.rqchallenge.EmployeeHelperTest]: EmployeeHelperTest does not declare any static, non-private, non-final, nested classes annotated with @Configuration.
23:43:41.556 [Test worker] DEBUG org.springframework.test.context.support.ActiveProfilesUtils - Could not find an 'annotation declaring class' for annotation type [org.springframework.test.context.ActiveProfiles] and class [com.example.rqchallenge.EmployeeHelperTest]
23:43:41.691 [Test worker] DEBUG org.springframework.context.annotation.ClassPathScanningCandidateComponentProvider - Identified candidate component class: file [D:\Relia Quest\java-employee-challenge\build\classes\java\main\com\example\rqchallenge\RqChallengeApplication.class]
23:43:41.692 [Test worker] INFO org.springframework.boot.test.context.SpringBootTestContextBootstrapper - Found @SpringBootConfiguration com.example.rqchallenge.RqChallengeApplication for test class com.example.rqchallenge.EmployeeHelperTest
23:43:41.824 [Test worker] DEBUG org.springframework.boot.test.context.SpringBootTestContextBootstrapper - @TestExecutionListeners is not present for class [com.example.rqchallenge.EmployeeHelperTest]: using defaults.
23:43:41.825 [Test worker] INFO org.springframework.boot.test.context.SpringBootTestContextBootstrapper - Loaded default TestExecutionListener class names from location [META-INF/spring.factories]: [org.springframework.boot.test.autoconfigure.restdocs.RestDocsTestExecutionListener, org.springframework.boot.test.autoconfigure.web.client.MockRestServiceServerResetTestExecutionListener, org.springframework.boot.test.autoconfigure.web.servlet.MockMvcPrintOnlyOnFailureTestExecutionListener, org.springframework.boot.test.autoconfigure.web.servlet.WebDriverTestExecutionListener, org.springframework.boot.test.autoconfigure.webservices.client.MockWebServiceServerTestExecutionListener, org.springframework.boot.test.mock.mockito.MockitoTestExecutionListener, org.springframework.boot.test.mock.mockito.ResetMocksTestExecutionListener, org.springframework.test.context.web.ServletTestExecutionListener, org.springframework.test.context.support.DirtiesContextBeforeModesTestExecutionListener, org.springframework.test.context.event.ApplicationEventsTestExecutionListener, org.springframework.test.context.support.DependencyInjectionTestExecutionListener, org.springframework.test.context.support.DirtiesContextTestExecutionListener, org.springframework.test.context.transaction.TransactionalTestExecutionListener, org.springframework.test.context.jdbc.SqlScriptsTestExecutionListener, org.springframework.test.context.event.EventPublishingTestExecutionListener]
23:43:41.846 [Test worker] INFO org.springframework.boot.test.context.SpringBootTestContextBootstrapper - Using TestExecutionListeners: [org.springframework.test.context.web.ServletTestExecutionListener@4204541c, org.springframework.test.context.support.DirtiesContextBeforeModesTestExecutionListener@6a62689d, org.springframework.test.context.event.ApplicationEventsTestExecutionListener@4602c2a9, org.springframework.boot.test.mock.mockito.MockitoTestExecutionListener@60fa3495, org.springframework.boot.test.autoconfigure.SpringBootDependencyInjectionTestExecutionListener@3e2822, org.springframework.test.context.support.DirtiesContextTestExecutionListener@79e18e38, org.springframework.test.context.transaction.TransactionalTestExecutionListener@29a60c27, org.springframework.test.context.jdbc.SqlScriptsTestExecutionListener@1849db1a, org.springframework.test.context.event.EventPublishingTestExecutionListener@69c79f09, org.springframework.boot.test.autoconfigure.restdocs.RestDocsTestExecutionListener@1ca25c47, org.springframework.boot.test.autoconfigure.web.client.MockRestServiceServerResetTestExecutionListener@5fcacc0, org.springframework.boot.test.autoconfigure.web.servlet.MockMvcPrintOnlyOnFailureTestExecutionListener@533b266e, org.springframework.boot.test.autoconfigure.web.servlet.WebDriverTestExecutionListener@6d1d4d7, org.springframework.boot.test.autoconfigure.webservices.client.MockWebServiceServerTestExecutionListener@89ff02e, org.springframework.boot.test.mock.mockito.ResetMocksTestExecutionListener@6865c751]
23:43:41.855 [Test worker] DEBUG org.springframework.test.context.support.AbstractDirtiesContextTestExecutionListener - Before test class: context [DefaultTestContext@46e8a539 testClass = EmployeeHelperTest, testInstance = [null], testMethod = [null], testException = [null], mergedContextConfiguration = [WebMergedContextConfiguration@495083a0 testClass = EmployeeHelperTest, locations = '{}', classes = '{class com.example.rqchallenge.RqChallengeApplication}', contextInitializerClasses = '[]', activeProfiles = '{}', propertySourceLocations = '{}', propertySourceProperties = '{org.springframework.boot.test.context.SpringBootTestContextBootstrapper=true}', contextCustomizers = set[org.springframework.boot.test.autoconfigure.actuate.metrics.MetricsExportContextCustomizerFactory$DisableMetricExportContextCustomizer@e19bb76, org.springframework.boot.test.autoconfigure.properties.PropertyMappingContextCustomizer@0, org.springframework.boot.test.autoconfigure.web.servlet.WebDriverContextCustomizerFactory$Customizer@79c7532f, org.springframework.boot.test.context.filter.ExcludeFilterContextCustomizer@e8df99a, org.springframework.boot.test.json.DuplicateJsonObjectContextCustomizerFactory$DuplicateJsonObjectContextCustomizer@517566b, org.springframework.boot.test.mock.mockito.MockitoContextCustomizer@0, org.springframework.boot.test.web.client.TestRestTemplateContextCustomizer@12c7a01b, org.springframework.boot.test.context.SpringBootTestArgs@1, org.springframework.boot.test.context.SpringBootTestWebEnvironment@15bbf42f], resourceBasePath = 'src/main/webapp', contextLoader = 'org.springframework.boot.test.context.SpringBootContextLoader', parent = [null]], attributes = map['org.springframework.test.context.web.ServletTestExecutionListener.activateListener' -> true]], class annotated with @DirtiesContext [false] with mode [null].
23:43:41.985 [Test worker] DEBUG org.springframework.boot.ApplicationServletEnvironment - Activating profiles []
23:43:41.987 [Test worker] DEBUG org.springframework.test.context.support.TestPropertySourceUtils - Adding inlined properties to environment: {spring.jmx.enabled=false, org.springframework.boot.test.context.SpringBootTestContextBootstrapper=true}

  .   ____          _            __ _ _
 /\\ / ___'_ __ _ _(_)_ __  __ _ \ \ \ \
( ( )\___ | '_ | '_| | '_ \/ _` | \ \ \ \
 \\/  ___)| |_)| | | | | || (_| |  ) ) ) )
  '  |____| .__|_| |_|_| |_\__, | / / / /
 =========|_|==============|___/=/_/_/_/
 :: Spring Boot ::                (v2.6.1)

2024-07-21 23:43:42.451  INFO 4544 --- [    Test worker] c.e.rqchallenge.EmployeeHelperTest       : Starting EmployeeHelperTest using Java 16.0.2 on DESKTOP-PTD0HT2 with PID 4544 (started by lenovo in D:\Relia Quest\java-employee-challenge)
2024-07-21 23:43:42.453  INFO 4544 --- [    Test worker] c.e.rqchallenge.EmployeeHelperTest       : No active profile set, falling back to default profiles: default
2024-07-21 23:43:43.666  INFO 4544 --- [    Test worker] .s.d.r.c.RepositoryConfigurationDelegate : Bootstrapping Spring Data JPA repositories in DEFAULT mode.
2024-07-21 23:43:43.743  INFO 4544 --- [    Test worker] .s.d.r.c.RepositoryConfigurationDelegate : Finished Spring Data repository scanning in 64 ms. Found 1 JPA repository interfaces.
2024-07-21 23:43:44.534  INFO 4544 --- [    Test worker] com.zaxxer.hikari.HikariDataSource       : HikariPool-1 - Starting...
2024-07-21 23:43:44.803  INFO 4544 --- [    Test worker] com.zaxxer.hikari.HikariDataSource       : HikariPool-1 - Start completed.
2024-07-21 23:43:44.956  INFO 4544 --- [    Test worker] o.hibernate.jpa.internal.util.LogHelper  : HHH000204: Processing PersistenceUnitInfo [name: default]
2024-07-21 23:43:45.064  INFO 4544 --- [    Test worker] org.hibernate.Version                    : HHH000412: Hibernate ORM core version 5.6.1.Final
2024-07-21 23:43:45.662  INFO 4544 --- [    Test worker] o.hibernate.annotations.common.Version   : HCANN000001: Hibernate Commons Annotations {5.1.2.Final}
2024-07-21 23:43:45.834  INFO 4544 --- [    Test worker] org.hibernate.dialect.Dialect            : HHH000400: Using dialect: org.hibernate.dialect.H2Dialect
2024-07-21 23:43:47.001  INFO 4544 --- [    Test worker] o.h.e.t.j.p.i.JtaPlatformInitiator       : HHH000490: Using JtaPlatform implementation: [org.hibernate.engine.transaction.jta.platform.internal.NoJtaPlatform]
2024-07-21 23:43:47.029  INFO 4544 --- [    Test worker] j.LocalContainerEntityManagerFactoryBean : Initialized JPA EntityManagerFactory for persistence unit 'default'
2024-07-21 23:43:48.439  WARN 4544 --- [    Test worker] JpaBaseConfiguration$JpaWebConfiguration : spring.jpa.open-in-view is enabled by default. Therefore, database queries may be performed during view rendering. Explicitly configure spring.jpa.open-in-view to disable this warning
2024-07-21 23:43:49.152  INFO 4544 --- [    Test worker] c.e.rqchallenge.EmployeeHelperTest       : Started EmployeeHelperTest in 7.163 seconds (JVM running for 9.09)
2024-07-21 23:43:50.015  INFO 4544 --- [    Test worker] c.e.rqchallenge.helper.EmployeeHelper    : Employee details for id 1 deleted successfully.
2024-07-21 23:43:50.015  INFO 4544 --- [    Test worker] c.e.rqchallenge.helper.EmployeeHelper    : Retrieving employee details for employee Id 1 from in-cache db
2024-07-21 23:43:50.018  INFO 4544 --- [    Test worker] c.e.rqchallenge.helper.EmployeeHelper    : Data not found in-memory cache for id 1
]]></system-out>
  <system-err><![CDATA[]]></system-err>
</testsuite>
